2026-03-27T04:27:55.905Z: Running command hydrogen deploy
2026-03-27T04:27:55.913Z: Running system process:
  · Command: D:\Application\nodejs\node.exe D:\projects\hydrogen-test\hydrogen-quickstart\node_modules\@shopify\cli\bin\run.js notifications list --ignore-errors
  · Working directory: D:/projects/hydrogen-test/hydrogen-quickstart

2026-03-27T04:27:55.920Z: Notifications to show: 0
╭─ error ──────────────────────────────────────────────────────────────────────╮
│                                                                              │
│  Nonexistent flag: --verbose                                                 │
│  See more help with --help                                                   │
│                                                                              │
╰──────────────────────────────────────────────────────────────────────────────╯

2026-03-27T04:27:55.993Z: Running system process:
  · Command: npm prefix
  · Working directory: D:/projects/hydrogen-test/hydrogen-quickstart

2026-03-27T04:27:56.286Z: Obtaining the dependency manager in directory D:\projects\hydrogen-test\hydrogen-quickstart...
2026-03-27T04:27:56.578Z: Getting current session ID...
2026-03-27T04:27:56.580Z: Getting current session ID...
2026-03-27T04:27:57.478Z: Request to https://monorail-edge.shopifysvc.com/v1/produce completed in 891 ms
With response headers:
 - x-request-id: fcbf466a-3f85-40bb-a011-a6288fa1414e
    
2026-03-27T04:27:57.479Z: Analytics event sent: {
  "command": "hydrogen deploy",
  "time_start": 1774585675906,
  "time_end": 1774585675946,
  "total_time": 40,
  "success": false,
  "cli_version": "3.91.1",
  "ruby_version": "",
  "node_version": "24.14.0",
  "is_employee": false,
  "uname": "windows amd64",
  "env_ci": false,
  "env_plugin_installed_any_custom": false,
  "env_plugin_installed_shopify": "[\"@shopify/cli\"]",
  "env_shell": "cmd.exe",
  "env_device_id": "26d3fba806aa74458887d80a3197a412aafac4c7",
  "env_cloud": "localhost",
  "env_package_manager": "npm",
  "env_is_global": false,
  "env_auth_method": "device_auth",
  "env_is_wsl": false,
  "env_build_repository": "Shopify/cli",
  "cmd_app_warning_api_key_deprecation_displayed": false,
  "cmd_all_timing_network_ms": 0,
  "cmd_all_timing_prompts_ms": 0,
  "cmd_all_launcher": "npm",
  "cmd_all_topic": "hydrogen",
  "cmd_all_plugin": "@shopify/cli-hydrogen",
  "cmd_all_force": true,
  "cmd_all_timing_active_ms": 40,
  "cmd_all_exit": "expected_error",
  "user_id": "7a61bbe9-bcb2-4335-b60f-ff54369ed137",
  "request_ids": [],
  "args": "--preview --force --no-verify --verbose --metadata-description verbose retry",
  "error_message": "Nonexistent flag: --verbose\nSee more help with --help",
  "env_plugin_installed_all": "[\"@shopify/cli\"]",
  "env_shopify_variables": "{}",
  "metadata": "{\"extraPublic\":{},\"extraSensitive\":{}}"
}
2026-03-27T04:27:57.495Z: Getting current session ID...
2026-03-27T04:27:57.496Z: Reporting handled error to Bugsnag: Nonexistent flag: --verbose
See more help with --help
2026-03-27T04:27:57.559Z: Running system process:
  · Command: npm prefix
  · Working directory: D:/projects/hydrogen-test/hydrogen-quickstart

2026-03-27T04:27:57.852Z: Obtaining the dependency manager in directory D:\projects\hydrogen-test\hydrogen-quickstart...
2026-03-27T04:27:57.852Z: Getting current session ID...
